#
# There is insufficient memory for the Java Runtime Environment to continue.
# Native memory allocation (mmap) failed to map 257949696 bytes for G1 virtual space
# Possible reasons:
#   The system is out of physical RAM or swap space
#   The process is running with CompressedOops enabled, and the Java Heap may be blocking the growth of the native heap
# Possible solutions:
#   Reduce memory load on the system
#   Increase physical memory or swap space
#   Check if swap backing store is full
#   Decrease Java heap size (-Xmx/-Xms)
#   Decrease number of Java threads
#   Decrease Java thread stack sizes (-Xss)
#   Set larger code cache with -XX:ReservedCodeCacheSize=
#   JVM is running with Zero Based Compressed Oops mode in which the Java heap is
#     placed in the first 32GB address space. The Java Heap base address is the
#     maximum limit for the native heap growth. Please use -XX:HeapBaseMinAddress
#     to set the Java Heap base and to place the Java Heap above 32GB virtual address.
# This output file may be truncated or incomplete.
#
#  Out of Memory Error (os_windows.cpp:3825), pid=6948, tid=22868
#
# JRE version:  (17.0.9+7) (build )
# Java VM: OpenJDK 64-Bit Server VM (17.0.9+7-b1000.46, mixed mode, sharing, tiered, compressed oops, compressed class ptrs, g1 gc, windows-amd64)
# No core dump will be written. Minidumps are not enabled by default on client versions of Windows
#

---------------  S U M M A R Y ------------

Command Line: git4idea.http.GitAskPassApp Username for 'https://github.com': 

Host: AMD Ryzen 7 4800H with Radeon Graphics         , 16 cores, 15G,  Windows 11 , 64 bit Build 22621 (10.0.22621.3085)
Time: Sun Feb 25 13:17:53 2024 Central Standard Time (Mexico) elapsed time: 0.009095 seconds (0d 0h 0m 0s)

---------------  T H R E A D  ---------------

Current thread (0x00000145f2841c00):  JavaThread "Unknown thread" [_thread_in_vm, id=22868, stack(0x0000003e04c00000,0x0000003e04d00000)]

Stack: [0x0000003e04c00000,0x0000003e04d00000]
Native frames: (J=compiled Java code, j=interpreted, Vv=VM code, C=native code)
V  [jvm.dll+0x6886e9]
V  [jvm.dll+0x841e4a]
V  [jvm.dll+0x843a8e]
V  [jvm.dll+0x8440f3]
V  [jvm.dll+0x24c14f]
V  [jvm.dll+0x685499]
V  [jvm.dll+0x679c2a]
V  [jvm.dll+0x30cf9b]
V  [jvm.dll+0x314446]
V  [jvm.dll+0x36425e]
V  [jvm.dll+0x36448f]
V  [jvm.dll+0x2e2d68]
V  [jvm.dll+0x2e3cd4]
V  [jvm.dll+0x8129f1]
V  [jvm.dll+0x3720c1]
V  [jvm.dll+0x7f152c]
V  [jvm.dll+0x3f5d4f]
V  [jvm.dll+0x3f7981]
C  [jli.dll+0x528f]
C  [ucrtbase.dll+0x29363]
C  [KERNEL32.DLL+0x1257d]
C  [ntdll.dll+0x5aa58]


---------------  P R O C E S S  ---------------

Threads class SMR info:
_java_thread_list=0x00007ffe0127ef18, length=0, elements={
}

Java Threads: ( => current thread )

Other Threads:
  0x00000145f28acd90 GCTaskThread "GC Thread#0" [stack: 0x0000003e04d00000,0x0000003e04e00000] [id=11952]
  0x00000145f28bd2b0 ConcurrentGCThread "G1 Main Marker" [stack: 0x0000003e04e00000,0x0000003e04f00000] [id=26088]
  0x00000145f28bdcd0 ConcurrentGCThread "G1 Conc#0" [stack: 0x0000003e04f00000,0x0000003e05000000] [id=30208]

[error occurred during error reporting (printing all threads), id 0xc0000005, EXCEPTION_ACCESS_VIOLATION (0xc0000005) at pc=0x00007ffe00a33937]

VM state: not at safepoint (not fully initialized)

VM Mutex/Monitor currently owned by a thread:  ([mutex/lock_event])
[0x00000145f283ece0] Heap_lock - owner thread: 0x00000145f2841c00

Heap address: 0x000000070a200000, size: 3934 MB, Compressed Oops mode: Zero based, Oop shift amount: 3

CDS archive(s) mapped at: [0x0000000000000000-0x0000000000000000-0x0000000000000000), size 0, SharedBaseAddress: 0x0000000800000000, ArchiveRelocationMode: 1.
Narrow klass base: 0x0000000000000000, Narrow klass shift: 0, Narrow klass range: 0x0

GC Precious Log:
<Empty>

Heap:
 garbage-first heap   total 0K, used 0K [0x000000070a200000, 0x0000000800000000)
  region size 2048K, 0 young (0K), 0 survivors (0K)
 Metaspace       used 0K, committed 0K, reserved 0K
  class space    used 0K, committed 0K, reserved 0K

Heap Regions: E=young(eden), S=young(survivor), O=old, HS=humongous(starts), HC=humongous(continues), CS=collection set, F=free, OA=open archive, CA=closed archive, TAMS=top-at-mark-start (previous, next)

Card table byte_map: [0x00000145f6fe0000,0x00000145f7790000] _byte_map_base: 0x00000145f378f000

Marking Bits (Prev, Next): (CMBitMap*) 0x00000145f28ad3b0, (CMBitMap*) 0x00000145f28ad3f0
 Prev Bits: [0x00000145f7f40000, 0x00000145fbcb8000)
 Next Bits: [0x00000145fbcc0000, 0x00000145ffa38000)

GC Heap History (0 events):
No events

Dll operation events (1 events):
Event: 0.005 Loaded shared library C:\Program Files\JetBrains\PyCharm 2023.2.3\jbr\bin\java.dll

Deoptimization events (0 events):
No events

Classes unloaded (0 events):
No events

Classes redefined (0 events):
No events

Internal exceptions (0 events):
No events

VM Operations (0 events):
No events

Events (0 events):
No events


Dynamic libraries:
0x00007ff631c90000 - 0x00007ff631c9a000 	C:\Program Files\JetBrains\PyCharm 2023.2.3\jbr\bin\java.exe
0x00007ffe9ce10000 - 0x00007ffe9d027000 	C:\WINDOWS\SYSTEM32\ntdll.dll
0x00007ffe9bb10000 - 0x00007ffe9bbd4000 	C:\WINDOWS\System32\KERNEL32.DLL
0x00007ffe9a2b0000 - 0x00007ffe9a656000 	C:\WINDOWS\System32\KERNELBASE.dll
0x00007ffe9aa10000 - 0x00007ffe9ab21000 	C:\WINDOWS\System32\ucrtbase.dll
0x00007ffe84160000 - 0x00007ffe84177000 	C:\Program Files\JetBrains\PyCharm 2023.2.3\jbr\bin\jli.dll
0x00007ffe9afa0000 - 0x00007ffe9b14e000 	C:\WINDOWS\System32\USER32.dll
0x00007ffe9ab30000 - 0x00007ffe9ab56000 	C:\WINDOWS\System32\win32u.dll
0x00007ffe7fa70000 - 0x00007ffe7fd03000 	C:\WINDOWS\WinSxS\amd64_microsoft.windows.common-controls_6595b64144ccf1df_6.0.22621.2506_none_270c5ae97388e100\COMCTL32.dll
0x00007ffe9ba60000 - 0x00007ffe9ba89000 	C:\WINDOWS\System32\GDI32.dll
0x00007ffe9be70000 - 0x00007ffe9bf17000 	C:\WINDOWS\System32\msvcrt.dll
0x00007ffe9a8f0000 - 0x00007ffe9aa08000 	C:\WINDOWS\System32\gdi32full.dll
0x00007ffe83fd0000 - 0x00007ffe83feb000 	C:\Program Files\JetBrains\PyCharm 2023.2.3\jbr\bin\VCRUNTIME140.dll
0x00007ffe9a210000 - 0x00007ffe9a2aa000 	C:\WINDOWS\System32\msvcp_win.dll
0x00007ffe9c3b0000 - 0x00007ffe9c3e1000 	C:\WINDOWS\System32\IMM32.DLL
0x00007ffe95b20000 - 0x00007ffe95b2c000 	C:\Program Files\JetBrains\PyCharm 2023.2.3\jbr\bin\vcruntime140_1.dll
0x00007ffe59400000 - 0x00007ffe5948d000 	C:\Program Files\JetBrains\PyCharm 2023.2.3\jbr\bin\msvcp140.dll
0x00007ffe00740000 - 0x00007ffe013c3000 	C:\Program Files\JetBrains\PyCharm 2023.2.3\jbr\bin\server\jvm.dll
0x00007ffe9b160000 - 0x00007ffe9b213000 	C:\WINDOWS\System32\ADVAPI32.dll
0x00007ffe9bc40000 - 0x00007ffe9bce8000 	C:\WINDOWS\System32\sechost.dll
0x00007ffe9a660000 - 0x00007ffe9a688000 	C:\WINDOWS\System32\bcrypt.dll
0x00007ffe9ae80000 - 0x00007ffe9af97000 	C:\WINDOWS\System32\RPCRT4.dll
0x00007ffe98fc0000 - 0x00007ffe9900d000 	C:\WINDOWS\SYSTEM32\POWRPROF.dll
0x00007ffe915c0000 - 0x00007ffe915f4000 	C:\WINDOWS\SYSTEM32\WINMM.dll
0x00007ffe909f0000 - 0x00007ffe909fa000 	C:\WINDOWS\SYSTEM32\VERSION.dll
0x00007ffe84f90000 - 0x00007ffe84f99000 	C:\WINDOWS\SYSTEM32\WSOCK32.dll
0x00007ffe9ba90000 - 0x00007ffe9bb01000 	C:\WINDOWS\System32\WS2_32.dll
0x00007ffe98f90000 - 0x00007ffe98fa3000 	C:\WINDOWS\SYSTEM32\UMPDC.dll
0x00007ffe99260000 - 0x00007ffe99278000 	C:\WINDOWS\SYSTEM32\kernel.appcore.dll
0x00007ffe95e70000 - 0x00007ffe95e7a000 	C:\Program Files\JetBrains\PyCharm 2023.2.3\jbr\bin\jimage.dll
0x00007ffe97510000 - 0x00007ffe97743000 	C:\WINDOWS\SYSTEM32\DBGHELP.DLL
0x00007ffe9bf80000 - 0x00007ffe9c309000 	C:\WINDOWS\System32\combase.dll
0x00007ffe9abe0000 - 0x00007ffe9acb7000 	C:\WINDOWS\System32\OLEAUT32.dll
0x00007ffe8d390000 - 0x00007ffe8d3c2000 	C:\WINDOWS\SYSTEM32\dbgcore.DLL
0x00007ffe9a870000 - 0x00007ffe9a8ea000 	C:\WINDOWS\System32\bcryptPrimitives.dll
0x00007ffe933f0000 - 0x00007ffe93415000 	C:\Program Files\JetBrains\PyCharm 2023.2.3\jbr\bin\java.dll

dbghelp: loaded successfully - version: 4.0.5 - missing functions: none
symbol engine: initialized successfully - sym options: 0x614 - pdb path: .;C:\Program Files\JetBrains\PyCharm 2023.2.3\jbr\bin;C:\WINDOWS\SYSTEM32;C:\WINDOWS\WinSxS\amd64_microsoft.windows.common-controls_6595b64144ccf1df_6.0.22621.2506_none_270c5ae97388e100;C:\Program Files\JetBrains\PyCharm 2023.2.3\jbr\bin\server

VM Arguments:
java_command: git4idea.http.GitAskPassApp Username for 'https://github.com': 
java_class_path (initial): C:/Program Files/JetBrains/PyCharm 2023.2.3/plugins/vcs-git/lib/git4idea-rt.jar;C:/Program Files/JetBrains/PyCharm 2023.2.3/lib/externalProcess-rt.jar
Launcher Type: SUN_STANDARD

[Global flags]
     intx CICompilerCount                          = 12                                        {product} {ergonomic}
     uint ConcGCThreads                            = 3                                         {product} {ergonomic}
     uint G1ConcRefinementThreads                  = 13                                        {product} {ergonomic}
   size_t G1HeapRegionSize                         = 2097152                                   {product} {ergonomic}
    uintx GCDrainStackTargetSize                   = 64                                        {product} {ergonomic}
   size_t InitialHeapSize                          = 257949696                                 {product} {ergonomic}
   size_t MarkStackSize                            = 4194304                                   {product} {ergonomic}
   size_t MaxHeapSize                              = 4125097984                                {product} {ergonomic}
   size_t MinHeapDeltaBytes                        = 2097152                                   {product} {ergonomic}
   size_t MinHeapSize                              = 8388608                                   {product} {ergonomic}
    uintx NonNMethodCodeHeapSize                   = 7602480                                {pd product} {ergonomic}
    uintx NonProfiledCodeHeapSize                  = 122027880                              {pd product} {ergonomic}
    uintx ProfiledCodeHeapSize                     = 122027880                              {pd product} {ergonomic}
    uintx ReservedCodeCacheSize                    = 251658240                              {pd product} {ergonomic}
     bool SegmentedCodeCache                       = true                                      {product} {ergonomic}
   size_t SoftMaxHeapSize                          = 4125097984                             {manageable} {ergonomic}
     bool UseCompressedClassPointers               = true                           {product lp64_product} {ergonomic}
     bool UseCompressedOops                        = true                           {product lp64_product} {ergonomic}
     bool UseG1GC                                  = true                                      {product} {ergonomic}
     bool UseLargePagesIndividualAllocation        = false                                  {pd product} {ergonomic}

Logging:
Log output configuration:
 #0: stdout all=warning uptime,level,tags
 #1: stderr all=off uptime,level,tags

Environment Variables:
PATH=C:\Program Files\Git\mingw64\libexec\git-core;C:\Program Files\Git\mingw64\libexec\git-core;C:\Program Files\Git\mingw64\bin;C:\Program Files\Git\usr\bin;C:\Users\progr\AppData\Roaming\SPB_16.6\bin;C:\Users\progr\PycharmProjects\pythonCIC\venv\Scripts;C:\Program Files\Common Files\Oracle\Java\javapath;C:\Program Files\Oculus\Support\oculus-runtime;C:\Users\progr\AppData\Local\Programs\Python\Python37;C:\Program Files (x86)\Razer Chroma SDK\bin;C:\Program Files\Razer Chroma SDK\bin;C:\Program Files (x86)\Razer\ChromaBroadcast\bin;C:\Program Files\Razer\ChromaBroadcast\bin;C:\Program Files (x86)\Common Files\Oracle\Java\javapath;C:\windows\system32;C:\windows;C:\windows\System32\Wbem;C:\windows\System32\WindowsPowerShell\v1.0;C:\windows\System32\OpenSSH;C:\Program Files (x86)\NVIDIA Corporation\PhysX\Common;C:\Program Files\NVIDIA Corporation\NVIDIA NvDLISR;C:\Program Files\CMake\bin;C:\Program Files\mingw-w64\x86_64-8.1.0-posix-seh-rt_v6-rev0\mingw64\bin;C:\Program Files\dotnet;C:\OrCAD\OrCAD_16.6_Lite\OpenAccess\bin\win32\opt;C:\OrCAD\OrCAD_16.6_Lite\tools\pcb\bin;C:\OrCAD\OrCAD_16.6_Lite\tools\fet\bin;C:\OrCAD\OrCAD_16.6_Lite\tools\Capture;C:\OrCAD\OrCAD_16.6_Lite\tools\PSpice;C:\OrCAD\OrCAD_16.6_Lite\tools\specctra\bin;C:\OrCAD\OrCAD_16.6_Lite\tools\bin;C:\Users\progr\AppData\Local\Microsoft\WindowsApps;C:\Program Files\JetBrains\CLion 2021.2.2\bin;C:\Users\progr\AppData\Local\Programs\MiKTeX\miktex\bin\x64;C:\Program Files\MATLAB\R2023a\bin;C:\Program Files\Git\cmd;C;C:\WINDOWS\system32;C:\WINDOWS;C:\WINDOWS\System32\Wbem;C:\WINDOWS\System32\WindowsPowerShell\v1.0;C:\WINDOWS\System32\OpenSSH;C:\Program Files\Tailscale;C:\Users\progr\.platformio\penv\Scripts;C:\Program Files (x86)\dotnet;C:\Cadence\SPB_22.1\OpenAccess\bin\win32\opt;C:\Cadence\SPB_22.1\tools\pcb\bin;C:\Cadence\SPB_22.1\tools\fet\bin;C:\Cadence\SPB_22.1\tools\Capture;C:\Cadence\SPB_22.1\tools\PSpice;C:\Cadence\SPB_22.1\tools\specctra\bin;C:\Cadence\SPB_22.1\tools\bin;C:\Users\progr\AppData\Local\P
USERNAME=progr
DISPLAY=:0.0
LC_ALL=en_US.UTF-8
TERM=xterm-256color
TMPDIR=C:\Users\progr\AppData\Local\Temp
OS=Windows_NT
PROCESSOR_IDENTIFIER=AMD64 Family 23 Model 96 Stepping 1, AuthenticAMD
TMP=C:\Users\progr\AppData\Local\Temp
TEMP=C:\Users\progr\AppData\Local\Temp



Periodic native trim disabled

JNI global refs:
JNI global refs: 0, weak refs: 0

JNI global refs memory usage: 0, weak refs: 0

OOME stack traces (most recent first):
Classloader memory used:


---------------  S Y S T E M  ---------------

OS:
 Windows 11 , 64 bit Build 22621 (10.0.22621.3085)
OS uptime: 1 days 1:15 hours
Hyper-V role detected

CPU: total 16 (initial active 16) (16 cores per cpu, 2 threads per core) family 23 model 96 stepping 1 microcode 0x0, cx8, cmov, fxsr, ht, mmx, 3dnowpref, sse, sse2, sse3, ssse3, sse4a, sse4.1, sse4.2, popcnt, lzcnt, tsc, tscinvbit, avx, avx2, aes, clmul, bmi1, bmi2, adx, sha, fma, vzeroupper, clflush, clflushopt, hv
Processor Information for all 16 processors :
  Max Mhz: 2900, Current Mhz: 2900, Mhz Limit: 2900

Memory: 4k page, system-wide physical 15731M (3367M free)
TotalPageFile size 64883M (AvailPageFile size 219M)
current process WorkingSet (physical memory assigned to process): 11M, peak: 11M
current process commit charge ("private bytes"): 70M, peak: 316M

vm_info: OpenJDK 64-Bit Server VM (17.0.9+7-b1000.46) for windows-amd64 JRE (17.0.9+7-b1000.46), built on 2023-10-27 by "builduser" with MS VC++ 16.10 / 16.11 (VS2019)

END.
